2023.03.28 10:34:03 INFO  Started: Metals version 0.11.11 in workspace '/Users/paulscala/VSCode/cop5339-group-project' for client Visual Studio Code 1.76.2.
SLF4J: No SLF4J providers were found.
SLF4J: Defaulting to no-operation (NOP) logger implementation
SLF4J: See https://www.slf4j.org/codes.html#noProviders for further details.
SLF4J: Class path contains SLF4J bindings targeting slf4j-api versions 1.7.x or earlier.
SLF4J: Ignoring binding found at [jar:file:/Users/paulscala/Library/Caches/Coursier/v1/https/repo1.maven.org/maven2/com/outr/scribe-slf4j_2.13/3.11.0/scribe-slf4j_2.13-3.11.0.jar!/org/slf4j/impl/StaticLoggerBinder.class]
SLF4J: See https://www.slf4j.org/codes.html#ignoredBindings for an explanation.
2023.03.28 10:34:04 INFO  time: initialize in 0.92s
2023.03.28 10:34:09 WARN  Build server is not auto-connectable.
2023.03.28 10:34:09 WARN  no build tool detected in workspace '/Users/paulscala/VSCode/cop5339-group-project'. The most common cause for this problem is that the editor was opened in the wrong working directory, for example if you use sbt then the workspace directory should contain build.sbt. 
2023.03.28 10:34:09 WARN  no build target for: /Users/paulscala/VSCode/cop5339-group-project/demo/src/main/java/com/example/App.java
Mar 28, 2023 10:34:09 AM org.eclipse.lsp4j.jsonrpc.RemoteEndpoint handleCancellation
WARNING: Unmatched cancel notification for request id 6
2023.03.28 10:34:11 INFO  time: code lens generation in 2.4s
2023.03.28 10:34:11 INFO  time: code lens generation in 2.56s
Mar 28, 2023 10:35:31 AM org.eclipse.lsp4j.jsonrpc.services.GenericEndpoint notify
INFO: Unsupported notification method: $/setTrace
2023.03.28 10:35:47 INFO  Shutting down server
2023.03.28 10:35:47 INFO  shutting down Metals
2023.03.28 10:35:47 INFO  Exiting server
2023.03.28 10:36:14 INFO  Started: Metals version 0.11.11 in workspace '/Users/paulscala/VSCode/cop5339-group-project' for client Visual Studio Code 1.76.2.
SLF4J: No SLF4J providers were found.
SLF4J: Defaulting to no-operation (NOP) logger implementation
SLF4J: See https://www.slf4j.org/codes.html#noProviders for further details.
SLF4J: Class path contains SLF4J bindings targeting slf4j-api versions 1.7.x or earlier.
SLF4J: Ignoring binding found at [jar:file:/Users/paulscala/Library/Caches/Coursier/v1/https/repo1.maven.org/maven2/com/outr/scribe-slf4j_2.13/3.11.0/scribe-slf4j_2.13-3.11.0.jar!/org/slf4j/impl/StaticLoggerBinder.class]
SLF4J: See https://www.slf4j.org/codes.html#ignoredBindings for an explanation.
2023.03.28 10:36:15 INFO  time: initialize in 1.43s
2023.03.28 10:36:24 WARN  Build server is not auto-connectable.
2023.03.28 10:36:24 WARN  no build tool detected in workspace '/Users/paulscala/VSCode/cop5339-group-project'. The most common cause for this problem is that the editor was opened in the wrong working directory, for example if you use sbt then the workspace directory should contain build.sbt. 
2023.03.28 10:36:24 WARN  no build target for: /Users/paulscala/VSCode/cop5339-group-project/demo/src/main/java/com/example/App.java
Mar 28, 2023 10:36:25 AM org.eclipse.lsp4j.jsonrpc.RemoteEndpoint handleCancellation
WARNING: Unmatched cancel notification for request id 2
2023.03.28 10:36:29 INFO  time: code lens generation in 4.57s
2023.03.28 10:36:29 INFO  time: code lens generation in 4.72s
2023.03.28 10:37:16 WARN  no build target for: /Users/paulscala/VSCode/cop5339-group-project/demo/src/test/java/com/example/AppTest.java
2023.03.28 10:37:20 INFO  time: code lens generation in 1.47s
2023.03.28 10:37:29 WARN  no build target for: /Users/paulscala/VSCode/cop5339-group-project/demo/src/main/java/com/example/App.java
2023.03.28 10:37:39 WARN  no build target for: /Users/paulscala/VSCode/cop5339-group-project/demo/src/main/java/com/example/App.java
2023.03.28 10:37:47 WARN  no build target for: /Users/paulscala/VSCode/cop5339-group-project/demo/src/test/java/com/example/AppTest.java
Mar 28, 2023 10:40:52 AM org.eclipse.lsp4j.jsonrpc.services.GenericEndpoint notify
INFO: Unsupported notification method: $/setTrace
